Using pre-set license
Built from '2022.3/staging' branch; Version is '2022.3.6f1 (b9e6e7e9fa2d) revision 12183271'; Using compiler version '192829333'; Build Type 'Release'
OS: 'Windows 11  (10.0.22631) 64bit Professional' Language: 'en' Physical Memory: 32605 MB
BatchMode: 1, IsHumanControllingUs: 0, StartBugReporterOnCrash: 0, Is64bit: 1, IsPro: 1

COMMAND LINE ARGUMENTS:
E:\Unity\Installs\2022.3.6f1\Editor\Unity.exe
-adb2
-batchMode
-noUpm
-name
AssetImportWorker3
-projectPath
C:/Users/jevan/Documents/GitHub/CS498Project
-logFile
Logs/AssetImportWorker3.log
-srvPort
61692
Successfully changed project path to: C:/Users/jevan/Documents/GitHub/CS498Project
C:/Users/jevan/Documents/GitHub/CS498Project
[UnityMemory] Configuration Parameters - Can be set up in boot.config
    "memorysetup-bucket-allocator-granularity=16"
    "memorysetup-bucket-allocator-bucket-count=8"
    "memorysetup-bucket-allocator-block-size=33554432"
    "memorysetup-bucket-allocator-block-count=8"
    "memorysetup-main-allocator-block-size=16777216"
    "memorysetup-thread-allocator-block-size=16777216"
    "memorysetup-gfx-main-allocator-block-size=16777216"
    "memorysetup-gfx-thread-allocator-block-size=16777216"
    "memorysetup-cache-allocator-block-size=4194304"
    "memorysetup-typetree-allocator-block-size=2097152"
    "memorysetup-profiler-bucket-allocator-granularity=16"
    "memorysetup-profiler-bucket-allocator-bucket-count=8"
    "memorysetup-profiler-bucket-allocator-block-size=33554432"
    "memorysetup-profiler-bucket-allocator-block-count=8"
    "memorysetup-profiler-allocator-block-size=16777216"
    "memorysetup-profiler-editor-allocator-block-size=1048576"
    "memorysetup-temp-allocator-size-main=16777216"
    "memorysetup-job-temp-allocator-block-size=2097152"
    "memorysetup-job-temp-allocator-block-size-background=1048576"
    "memorysetup-job-temp-allocator-reduction-small-platforms=262144"
    "memorysetup-allocator-temp-initial-block-size-main=262144"
    "memorysetup-allocator-temp-initial-block-size-worker=262144"
    "memorysetup-temp-allocator-size-background-worker=32768"
    "memorysetup-temp-allocator-size-job-worker=262144"
    "memorysetup-temp-allocator-size-preload-manager=33554432"
    "memorysetup-temp-allocator-size-nav-mesh-worker=65536"
    "memorysetup-temp-allocator-size-audio-worker=65536"
    "memorysetup-temp-allocator-size-cloud-worker=32768"
    "memorysetup-temp-allocator-size-gi-baking-worker=262144"
    "memorysetup-temp-allocator-size-gfx=262144"
Player connection [48096] Host "[IP] 192.168.51.39 [Port] 0 [Flags] 2 [Guid] 2568007807 [EditorId] 2568007807 [Version] 1048832 [Id] WindowsEditor(7,RadiantDesktop) [Debug] 1 [PackageName] WindowsEditor [ProjectName] Editor" joined multi-casting on [225.0.0.222:54997]...

Player connection [48096] Host "[IP] 192.168.51.39 [Port] 0 [Flags] 2 [Guid] 2568007807 [EditorId] 2568007807 [Version] 1048832 [Id] WindowsEditor(7,RadiantDesktop) [Debug] 1 [PackageName] WindowsEditor [ProjectName] Editor" joined alternative multi-casting on [225.0.0.222:34997]...

Refreshing native plugins compatible for Editor in 44.08 ms, found 10 plugins.
Preloading 2 native plugins for Editor in 0.84 ms.
Initialize engine version: 2022.3.6f1 (b9e6e7e9fa2d)
[Subsystems] Discovering subsystems at path E:/Unity/Installs/2022.3.6f1/Editor/Data/Resources/UnitySubsystems
[Subsystems] Discovering subsystems at path C:/Users/jevan/Documents/GitHub/CS498Project/Assets
GfxDevice: creating device client; threaded=0; jobified=0
Direct3D:
    Version:  Direct3D 11.0 [level 11.1]
    Renderer: AMD Radeon RX 6800 (ID=0x73bf)
    Vendor:   ATI
    VRAM:     16338 MB
    Driver:   31.0.23013.1023
Initialize mono
Mono path[0] = 'E:/Unity/Installs/2022.3.6f1/Editor/Data/Managed'
Mono path[1] = 'E:/Unity/Installs/2022.3.6f1/Editor/Data/MonoBleedingEdge/lib/mono/unityjit-win32'
Mono config path = 'E:/Unity/Installs/2022.3.6f1/Editor/Data/MonoBleedingEdge/etc'
Using monoOptions --debugger-agent=transport=dt_socket,embedding=1,server=y,suspend=n,address=127.0.0.1:56148
Begin MonoManager ReloadAssembly
Registering precompiled unity dll's ...
Register platform support module: E:/Unity/Installs/2022.3.6f1/Editor/Data/PlaybackEngines/AndroidPlayer/UnityEditor.Android.Extensions.dll
Register platform support module: E:/Unity/Installs/2022.3.6f1/Editor/Data/PlaybackEngines/WindowsStandaloneSupport/UnityEditor.WindowsStandalone.Extensions.dll
Registered in 0.002693 seconds.
- Loaded All Assemblies, in  0.276 seconds
Native extension for WindowsStandalone target not found
Native extension for Android target not found
Mono: successfully reloaded assembly
- Finished resetting the current domain, in  0.251 seconds
Domain Reload Profiling: 527ms
	BeginReloadAssembly (67ms)
		ExecutionOrderSort (0ms)
		DisableScriptedObjects (0ms)
		BackupInstance (0ms)
		ReleaseScriptingObjects (0ms)
		CreateAndSetChildDomain (1ms)
	RebuildCommonClasses (31ms)
	RebuildNativeTypeToScriptingClass (8ms)
	initialDomainReloadingComplete (42ms)
	LoadAllAssembliesAndSetupDomain (129ms)
		LoadAssemblies (66ms)
		RebuildTransferFunctionScriptingTraits (0ms)
		AnalyzeDomain (126ms)
			TypeCache.Refresh (125ms)
				TypeCache.ScanAssembly (115ms)
			ScanForSourceGeneratedMonoScriptInfo (0ms)
			ResolveRequiredComponents (0ms)
	FinalizeReload (251ms)
		ReleaseScriptCaches (0ms)
		RebuildScriptCaches (0ms)
		SetupLoadedEditorAssemblies (204ms)
			LogAssemblyErrors (0ms)
			InitializePlatformSupportModulesInManaged (79ms)
			SetLoadedEditorAssemblies (3ms)
			RefreshPlugins (0ms)
			BeforeProcessingInitializeOnLoad (2ms)
			ProcessInitializeOnLoadAttributes (82ms)
			ProcessInitializeOnLoadMethodAttributes (38ms)
			AfterProcessingInitializeOnLoad (0ms)
			EditorAssembliesLoaded (0ms)
		ExecutionOrderSort2 (0ms)
		AwakeInstancesAfterBackupRestoration (0ms)
========================================================================
Worker process is ready to serve import requests
Begin MonoManager ReloadAssembly
- Loaded All Assemblies, in  0.832 seconds
Refreshing native plugins compatible for Editor in 25.58 ms, found 10 plugins.
Native extension for WindowsStandalone target not found
Native extension for Android target not found
Package Manager log level set to [2]
[Package Manager] Server::EnsureServerProcessIsRunning -- launch failed, reason: Unity was launched with the -noUpm command-line argument
[Package Manager] UpmClient::Send -- Unable to send message (not connected to UPM process).
[Package Manager] Cannot connect to Unity Package Manager local server
System.ArgumentNullException: Value cannot be null.
Parameter name: path
  at System.IO.Directory.CreateDirectory (System.String path) [0x00003] in <eef08f56e2e042f1b3027eca477293d9>:0 
  at VRC.SDKBase.Editor.VRCPackageSettings.EnsurePathExists () [0x0000b] in .\Packages\com.vrchat.base\Editor\VRCSDK\Dependencies\VRChat\VRCPackageSettings.cs:45 
  at VRC.SDKBase.Editor.VRCPackageSettings.Load () [0x00000] in .\Packages\com.vrchat.base\Editor\VRCSDK\Dependencies\VRChat\VRCPackageSettings.cs:50 
  at VRC.SDKBase.Editor.VRCPackageSettings.Create () [0x00005] in .\Packages\com.vrchat.base\Editor\VRCSDK\Dependencies\VRChat\VRCPackageSettings.cs:19 
  at VRC.SDKBase.Editor.SampleHintCreator..cctor () [0x00007] in .\Packages\com.vrchat.base\Editor\VRCSDK\SampleHintCreator.cs:18 
UnityEngine.StackTraceUtility:ExtractStackTrace ()
UnityEngine.DebugLogHandler:LogFormat (UnityEngine.LogType,UnityEngine.Object,string,object[])
UnityEngine.Logger:Log (UnityEngine.LogType,object)
UnityEngine.Debug:LogError (object)
UnityEditor.EditorAssemblies:ProcessInitializeOnLoadAttributes (System.Type[])

System.Reflection.TargetInvocationException: Exception has been thrown by the target of an invocation. ---> System.NullReferenceException: Object reference not set to an instance of an object
  at Unity.XR.Oculus.OculusLoader.AssetPathToAbsolutePath (System.String assetPath) [0x00040] in .\Library\PackageCache\com.unity.xr.oculus@4.0.0\Runtime\OculusLoader.cs:282 
  at Unity.XR.Oculus.OculusLoader.EditorLoadOVRPlugin () [0x0007b] in .\Library\PackageCache\com.unity.xr.oculus@4.0.0\Runtime\OculusLoader.cs:267 
  at (wrapper managed-to-native) System.Reflection.RuntimeMethodInfo.InternalInvoke(System.Reflection.RuntimeMethodInfo,object,object[],System.Exception&)
  at System.Reflection.RuntimeMethodInfo.Invoke (System.Object obj, System.Reflection.BindingFlags invokeAttr, System.Reflection.Binder binder, System.Object[] parameters, System.Globalization.CultureInfo culture) [0x0006a] in <eef08f56e2e042f1b3027eca477293d9>:0 
   --- End of inner exception stack trace ---
  at System.Reflection.RuntimeMethodInfo.Invoke (System.Object obj, System.Reflection.BindingFlags invokeAttr, System.Reflection.Binder binder, System.Object[] parameters, System.Globalization.CultureInfo culture) [0x00083] in <eef08f56e2e042f1b3027eca477293d9>:0 
  at System.Reflection.MethodBase.Invoke (System.Object obj, System.Object[] parameters) [0x00000] in <eef08f56e2e042f1b3027eca477293d9>:0 
  at UnityEditor.EditorAssemblies.ProcessInitializeOnLoadMethodAttributes () [0x000a5] in <347e3e2bef8c4deb82c9790c6e198135>:0 
UnityEngine.StackTraceUtility:ExtractStackTrace ()
UnityEngine.DebugLogHandler:LogFormat (UnityEngine.LogType,UnityEngine.Object,string,object[])
UnityEngine.Logger:Log (UnityEngine.LogType,object)
UnityEngine.Debug:LogError (object)
UnityEditor.EditorAssemblies:ProcessInitializeOnLoadMethodAttributes ()

Mono: successfully reloaded assembly
[Package Manager] Server::EnsureServerProcessIsRunning -- launch failed, reason: Unity was launched with the -noUpm command-line argument
[Package Manager] UpmClient::Send -- Unable to send message (not connected to UPM process).
[Package Manager] Cannot connect to Unity Package Manager local server
[Package Manager] Server::EnsureServerProcessIsRunning -- launch failed, reason: Unity was launched with the -noUpm command-line argument
[Package Manager] UpmClient::Send -- Unable to send message (not connected to UPM process).
[Package Manager] Cannot connect to Unity Package Manager local server
AssemblyReload
UnityEngine.StackTraceUtility:ExtractStackTrace ()
UnityEngine.DebugLogHandler:LogFormat (UnityEngine.LogType,UnityEngine.Object,string,object[])
UnityEngine.Logger:Log (UnityEngine.LogType,object)
UnityEngine.Debug:Log (object)
Texel.ScreenManagerInspector:OnAssemblyReload () (at ./Packages/com.texelsaur.video/Editor/Inspectors/Component/ScreenManagerInspector.cs:202)
UnityEditor.AssemblyReloadEvents:OnAfterAssemblyReload ()

(Filename: ./Packages/com.texelsaur.video/Editor/Inspectors/Component/ScreenManagerInspector.cs Line: 202)

[VideoTXL] Found 0 ScreenManagers in scene
UnityEngine.StackTraceUtility:ExtractStackTrace ()
UnityEngine.DebugLogHandler:LogFormat (UnityEngine.LogType,UnityEngine.Object,string,object[])
UnityEngine.Logger:Log (UnityEngine.LogType,object)
UnityEngine.Debug:Log (object)
Texel.ScreenManagerInspector:UpdateManagers () (at ./Packages/com.texelsaur.video/Editor/Inspectors/Component/ScreenManagerInspector.cs:214)
Texel.ScreenManagerInspector:OnAssemblyReload () (at ./Packages/com.texelsaur.video/Editor/Inspectors/Component/ScreenManagerInspector.cs:203)
UnityEditor.AssemblyReloadEvents:OnAfterAssemblyReload ()

(Filename: ./Packages/com.texelsaur.video/Editor/Inspectors/Component/ScreenManagerInspector.cs Line: 214)

[MODES] ModeService[none].Initialize
[MODES] ModeService[none].LoadModes
[MODES] Loading mode Default (0) for mode-current-id-CS498Project
<RI> Initialized touch support.
<RI> Initializing input.
New input system (experimental) initialized
Using Windows.Gaming.Input
<RI> Input initialized.
- Finished resetting the current domain, in  2.847 seconds
Domain Reload Profiling: 3677ms
	BeginReloadAssembly (118ms)
		ExecutionOrderSort (0ms)
		DisableScriptedObjects (9ms)
		BackupInstance (0ms)
		ReleaseScriptingObjects (0ms)
		CreateAndSetChildDomain (18ms)
	RebuildCommonClasses (24ms)
	RebuildNativeTypeToScriptingClass (8ms)
	initialDomainReloadingComplete (30ms)
	LoadAllAssembliesAndSetupDomain (649ms)
		LoadAssemblies (341ms)
		RebuildTransferFunctionScriptingTraits (0ms)
		AnalyzeDomain (353ms)
			TypeCache.Refresh (318ms)
				TypeCache.ScanAssembly (304ms)
			ScanForSourceGeneratedMonoScriptInfo (24ms)
			ResolveRequiredComponents (11ms)
	FinalizeReload (2848ms)
		ReleaseScriptCaches (0ms)
		RebuildScriptCaches (0ms)
		SetupLoadedEditorAssemblies (1189ms)
			LogAssemblyErrors (0ms)
			InitializePlatformSupportModulesInManaged (18ms)
			SetLoadedEditorAssemblies (6ms)
			RefreshPlugins (0ms)
			BeforeProcessingInitializeOnLoad (105ms)
			ProcessInitializeOnLoadAttributes (644ms)
			ProcessInitializeOnLoadMethodAttributes (414ms)
			AfterProcessingInitializeOnLoad (2ms)
			EditorAssembliesLoaded (0ms)
		ExecutionOrderSort2 (0ms)
		AwakeInstancesAfterBackupRestoration (6ms)
Launched and connected shader compiler UnityShaderCompiler.exe after 0.04 seconds
Refreshing native plugins compatible for Editor in 33.03 ms, found 10 plugins.
Preloading 2 native plugins for Editor in 0.13 ms.
Unloading 4565 Unused Serialized files (Serialized files now loaded: 0)
Unloading 229 unused Assets / (1.9 MB). Loaded Objects now: 5099.
Memory consumption went from 335.5 MB to 333.6 MB.
Total: 30.188800 ms (FindLiveObjects: 0.285200 ms CreateObjectMapping: 0.169000 ms MarkObjects: 29.071400 ms  DeleteObjects: 0.662000 ms)

AssetImportParameters requested are different than current active one (requested -> active):
  custom:container-demuxer-ogg: 62fdf1f143b41e24485cea50d1cbac27 -> 
  custom:video-codec-MediaFoundation-h265: 746d11721c4dcdbdad8f713fa42b33f4 -> 
  custom:video-decoder-ogg-theora: a1e56fd34408186e4bbccfd4996cb3dc -> 
  custom:framework-win-MediaFoundation: 216162199b28c13a410421893ffa2e32 -> 
  custom:CustomObjectIndexerAttribute: 756ad292c208cfabdd7b50bc23989ffe -> 
  custom:container-demuxer-webm: 4f35f7cbe854078d1ac9338744f61a02 -> 
  custom:container-muxer-webm: aa71ff27fc2769a1b78a27578f13a17b -> 
  custom:video-decoder-webm-vp8: 9c59270c3fd7afecdb556c50c9e8de78 -> 
  custom:SearchIndexIgnoredProperties: e643bd26f0fe6173181afceb89e7c659 -> 
  custom:AudioImporter_EditorPlatform: d09bf68614088b80899f8185d706f6e7 -> 
  custom:video-encoder-webm-vp8: eb34c28f22e8b96e1ab97ce403110664 -> 
  custom:audio-decoder-ogg-vorbis: bf7c407c2cedff20999df2af8eb42d56 -> 
  custom:audio-encoder-webm-vorbis: bf7c407c2cedff20999df2af8eb42d56 -> 
========================================================================
Received Import Request.
  Time since last request: 49229.993141 seconds.
  path: Assets/_VRSL Custom/Models/Final 1/Head_Normal.png
  artifactKey: Guid(8795e287b2c72e244a8a01107f933c52) Importer(815301076,1909f56bfc062723c751e8b465ee728b)
Start importing Assets/_VRSL Custom/Models/Final 1/Head_Normal.png using Guid(8795e287b2c72e244a8a01107f933c52) Importer(815301076,1909f56bfc062723c751e8b465ee728b)  -> (artifact id: '3136dfffcfdf4a24d80aecb7f7bc727a') in 0.041788 seconds
Number of updated asset objects reloaded before import = 0
Number of asset objects unloaded after import = 2
========================================================================
Received Prepare
Begin MonoManager ReloadAssembly
Removing scripting define AUDIOLINK_V1
UnityEngine.StackTraceUtility:ExtractStackTrace ()
UnityEngine.DebugLogHandler:LogFormat (UnityEngine.LogType,UnityEngine.Object,string,object[])
UnityEngine.Logger:Log (UnityEngine.LogType,object)
UnityEngine.Debug:Log (object)
ArchiTech.SDK.Editor.ATEditorUtility:RemoveScriptingDefine (string) (at ./Packages/dev.architech.sdk/Editor/ATEditorUtility.cs:572)
ArchiTech.ProTV.Editor.AudioLinkScriptingDefineHandler:ReloadDefines () (at ./Packages/dev.architech.protv/Editor/Helpers/ProTVEditorUtility.cs:665)
UnityEditor.AssemblyReloadEvents:OnBeforeAssemblyReload ()

(Filename: ./Packages/dev.architech.sdk/Editor/ATEditorUtility.cs Line: 572)

[ScriptCompilation] NOT recompiling all scripts because this is an import worker process. Reason to compile was: Define symbols changed
- Loaded All Assemblies, in  1.016 seconds
Refreshing native plugins compatible for Editor in 22.52 ms, found 10 plugins.
Native extension for WindowsStandalone target not found
Native extension for Android target not found
[Package Manager] Server::EnsureServerProcessIsRunning -- launch failed, reason: Unity was launched with the -noUpm command-line argument
[Package Manager] UpmClient::Send -- Unable to send message (not connected to UPM process).
[Package Manager] Cannot connect to Unity Package Manager local server
System.ArgumentNullException: Value cannot be null.
Parameter name: path
  at System.IO.Directory.CreateDirectory (System.String path) [0x00003] in <eef08f56e2e042f1b3027eca477293d9>:0 
  at VRC.SDKBase.Editor.VRCPackageSettings.EnsurePathExists () [0x0000b] in .\Packages\com.vrchat.base\Editor\VRCSDK\Dependencies\VRChat\VRCPackageSettings.cs:45 
  at VRC.SDKBase.Editor.VRCPackageSettings.Load () [0x00000] in .\Packages\com.vrchat.base\Editor\VRCSDK\Dependencies\VRChat\VRCPackageSettings.cs:50 
  at VRC.SDKBase.Editor.VRCPackageSettings.Create () [0x00005] in .\Packages\com.vrchat.base\Editor\VRCSDK\Dependencies\VRChat\VRCPackageSettings.cs:19 
  at VRC.SDKBase.Editor.SampleHintCreator..cctor () [0x00007] in .\Packages\com.vrchat.base\Editor\VRCSDK\SampleHintCreator.cs:18 
UnityEngine.StackTraceUtility:ExtractStackTrace ()
UnityEngine.DebugLogHandler:LogFormat (UnityEngine.LogType,UnityEngine.Object,string,object[])
UnityEngine.Logger:Log (UnityEngine.LogType,object)
UnityEngine.Debug:LogError (object)
UnityEditor.EditorAssemblies:ProcessInitializeOnLoadAttributes (System.Type[])

[ScriptCompilation] NOT recompiling all scripts because this is an import worker process. Reason to compile was: Define symbols changed
Set Scripting Define Symbols for selected build target (Standalone) to: UNITY_POST_PROCESSING_STACK_V2;UDONSHARP;UDON;VRC_SDK_VRCSDK3;AUDIOLINK;AVPRO_IMPORTED;TPS;AUDIOLINK_V1
UnityEngine.StackTraceUtility:ExtractStackTrace ()
UnityEngine.DebugLogHandler:LogFormat (UnityEngine.LogType,UnityEngine.Object,string,object[])
UnityEngine.Logger:LogFormat (UnityEngine.LogType,string,object[])
UnityEngine.Debug:LogFormat (string,object[])
AudioLink.Editor.AudioLinkDefineManager:AddDefinesIfMissing (UnityEditor.BuildTargetGroup,string[]) (at ./Packages/com.llealloo.audiolink/Editor/Scripts/AudioLinkDefineManager.cs:41)
AudioLink.Editor.AudioLinkDefineManager:.cctor () (at ./Packages/com.llealloo.audiolink/Editor/Scripts/AudioLinkDefineManager.cs:14)
System.Runtime.CompilerServices.RuntimeHelpers:RunClassConstructor (System.RuntimeTypeHandle)
UnityEditor.EditorAssemblies:ProcessInitializeOnLoadAttributes (System.Type[])

(Filename: ./Packages/com.llealloo.audiolink/Editor/Scripts/AudioLinkDefineManager.cs Line: 41)

System.Reflection.TargetInvocationException: Exception has been thrown by the target of an invocation. ---> System.NullReferenceException: Object reference not set to an instance of an object
  at Unity.XR.Oculus.OculusLoader.AssetPathToAbsolutePath (System.String assetPath) [0x00040] in .\Library\PackageCache\com.unity.xr.oculus@4.0.0\Runtime\OculusLoader.cs:282 
  at Unity.XR.Oculus.OculusLoader.EditorLoadOVRPlugin () [0x0007b] in .\Library\PackageCache\com.unity.xr.oculus@4.0.0\Runtime\OculusLoader.cs:267 
  at (wrapper managed-to-native) System.Reflection.RuntimeMethodInfo.InternalInvoke(System.Reflection.RuntimeMethodInfo,object,object[],System.Exception&)
  at System.Reflection.RuntimeMethodInfo.Invoke (System.Object obj, System.Reflection.BindingFlags invokeAttr, System.Reflection.Binder binder, System.Object[] parameters, System.Globalization.CultureInfo culture) [0x0006a] in <eef08f56e2e042f1b3027eca477293d9>:0 
   --- End of inner exception stack trace ---
  at System.Reflection.RuntimeMethodInfo.Invoke (System.Object obj, System.Reflection.BindingFlags invokeAttr, System.Reflection.Binder binder, System.Object[] parameters, System.Globalization.CultureInfo culture) [0x00083] in <eef08f56e2e042f1b3027eca477293d9>:0 
  at System.Reflection.MethodBase.Invoke (System.Object obj, System.Object[] parameters) [0x00000] in <eef08f56e2e042f1b3027eca477293d9>:0 
  at UnityEditor.EditorAssemblies.ProcessInitializeOnLoadMethodAttributes () [0x000a5] in <347e3e2bef8c4deb82c9790c6e198135>:0 
UnityEngine.StackTraceUtility:ExtractStackTrace ()
UnityEngine.DebugLogHandler:LogFormat (UnityEngine.LogType,UnityEngine.Object,string,object[])
UnityEngine.Logger:Log (UnityEngine.LogType,object)
UnityEngine.Debug:LogError (object)
UnityEditor.EditorAssemblies:ProcessInitializeOnLoadMethodAttributes ()

[MODES] ModeService[none].Initialize
[MODES] ModeService[none].LoadModes
[MODES] Loading mode Default (0) for mode-current-id-CS498Project
Mono: successfully reloaded assembly
CreateSerializedAsset is not supported while importing out-of-process
UnityEngine.StackTraceUtility:ExtractStackTrace ()
UdonSharp.Updater.UdonSharpDataLocator:InitializeUdonSharpData () (at ./Packages/com.vrchat.worlds/Integrations/UdonSharp/Runtime/UdonSharpDataLocator.cs:75)
UdonSharp.Updater.UdonSharpDataLocator:get_DataPath () (at ./Packages/com.vrchat.worlds/Integrations/UdonSharp/Runtime/UdonSharpDataLocator.cs:44)
UdonSharp.Updater.UdonSharpLocator:get_SettingsPath () (at ./Packages/com.vrchat.worlds/Integrations/UdonSharp/Runtime/UdonSharpLocator.cs:49)
UdonSharpEditor.UdonSharpSettings:GetSettings () (at ./Packages/com.vrchat.worlds/Integrations/UdonSharp/Editor/Editors/UdonSharpSettings.cs:87)
UdonSharpEditor.UdonSharpSettings:GetScannerBlacklist () (at ./Packages/com.vrchat.worlds/Integrations/UdonSharp/Editor/Editors/UdonSharpSettings.cs:160)
UdonSharpEditor.UdonSharpSettings:FilterBlacklistedPaths (System.Collections.Generic.IEnumerable`1<string>) (at ./Packages/com.vrchat.worlds/Integrations/UdonSharp/Editor/Editors/UdonSharpSettings.cs:182)
UdonSharp.Compiler.CompilationContext:GetAllFilteredSourcePaths (bool) (at ./Packages/com.vrchat.worlds/Integrations/UdonSharp/Editor/Compiler/CompilationContext.cs:212)
UdonSharp.Compiler.CompilationContext:GetAllFilteredScripts (bool) (at ./Packages/com.vrchat.worlds/Integrations/UdonSharp/Editor/Compiler/CompilationContext.cs:228)
UdonSharp.UdonSharpProgramAsset:IsAnyScriptDirty () (at ./Packages/com.vrchat.worlds/Integrations/UdonSharp/Editor/UdonSharpProgramAsset.cs:256)
UdonSharp.UdonSharpProgramAsset:CompileAllCsPrograms (bool,bool) (at ./Packages/com.vrchat.worlds/Integrations/UdonSharp/Editor/UdonSharpProgramAsset.cs:292)
UdonSharpEditor.UdonSharpEditorUtility:UpgradeSceneBehaviours (System.Collections.Generic.IEnumerable`1<VRC.Udon.UdonBehaviour>) (at ./Packages/com.vrchat.worlds/Integrations/UdonSharp/Editor/UdonSharpEditorUtility.cs:650)
UdonSharpEditor.UdonSharpEditorManager:RunAllUpgrades () (at ./Packages/com.vrchat.worlds/Integrations/UdonSharp/Editor/UdonSharpEditorManager.cs:1694)
UdonSharpEditor.UdonSharpEditorManager:RunPostAssemblyBuildRefresh () (at ./Packages/com.vrchat.worlds/Integrations/UdonSharp/Editor/UdonSharpEditorManager.cs:132)
UnityEditor.AssemblyReloadEvents:OnAfterAssemblyReload ()

[./Packages/com.vrchat.worlds/Integrations/UdonSharp/Runtime/UdonSharpDataLocator.cs line 75]

[<color=#FF00FF>UdonSharp</color>] Hit exception while attempting to upgrade scene behaviours: UnityEngine.UnityException: Creating asset at path Assets/UdonSharp/UdonSharpDataLocator.asset failed.
  at (wrapper managed-to-native) UnityEditor.AssetDatabase.CreateAsset(UnityEngine.Object,string)
  at UdonSharp.Updater.UdonSharpDataLocator.InitializeUdonSharpData () [0x0005d] in .\Packages\com.vrchat.worlds\Integrations\UdonSharp\Runtime\UdonSharpDataLocator.cs:75 
  at UdonSharp.Updater.UdonSharpDataLocator.get_DataPath () [0x00065] in .\Packages\com.vrchat.worlds\Integrations\UdonSharp\Runtime\UdonSharpDataLocator.cs:44 
  at UdonSharp.Updater.UdonSharpLocator.get_SettingsPath () [0x00000] in .\Packages\com.vrchat.worlds\Integrations\UdonSharp\Runtime\UdonSharpLocator.cs:49 
  at UdonSharpEditor.UdonSharpSettings.GetSettings () [0x00012] in .\Packages\com.vrchat.worlds\Integrations\UdonSharp\Editor\Editors\UdonSharpSettings.cs:87 
  at UdonSharpEditor.UdonSharpSettings.GetScannerBlacklist () [0x00000] in .\Packages\com.vrchat.worlds\Integrations\UdonSharp\Editor\Editors\UdonSharpSettings.cs:160 
  at UdonSharpEditor.UdonSharpSettings.FilterBlacklistedPaths (System.Collections.Generic.IEnumerable`1[T] paths) [0x00006] in .\Packages\com.vrchat.worlds\Integrations\UdonSharp\Editor\Editors\UdonSharpSettings.cs:182 
  at UdonSharp.Compiler.CompilationContext.GetAllFilteredSourcePaths (System.Boolean isEditorBuild) [0x0006a] in .\Packages\com.vrchat.worlds\Integrations\UdonSharp\Editor\Compiler\CompilationContext.cs:212 
  at UdonSharp.Compiler.CompilationContext.GetAllFilteredScripts (System.Boolean isEditorBuild) [0x00000] in .\Packages\com.vrchat.worlds\Integrations\UdonSharp\Editor\Compiler\CompilationContext.cs:228 
  at UdonSharp.UdonSharpProgramAsset.IsAnyScriptDirty () [0x00006] in .\Packages\com.vrchat.worlds\Integrations\UdonSharp\Editor\UdonSharpProgramAsset.cs:256 
  at UdonSharp.UdonSharpProgramAsset.CompileAllCsPrograms (System.Boolean forceCompile, System.Boolean editorBuild) [0x00000] in .\Packages\com.vrchat.worlds\Integrations\UdonSharp\Editor\UdonSharpProgramAsset.cs:292 
  at UdonSharpEditor.UdonSharpEditorUtility.UpgradeSceneBehaviours (System.Collections.Generic.IEnumerable`1[T] behaviours) [0x0001a] in .\Packages\com.vrchat.worlds\Integrations\UdonSharp\Editor\UdonSharpEditorUtility.cs:650 
  at UdonSharpEditor.UdonSharpEditorManager.RunAllUpgrades () [0x0001c] in .\Packages\com.vrchat.worlds\Integrations\UdonSharp\Editor\UdonSharpEditorManager.cs:1694 
UnityEngine.StackTraceUtility:ExtractStackTrace ()
UnityEngine.DebugLogHandler:LogFormat (UnityEngine.LogType,UnityEngine.Object,string,object[])
UnityEngine.Logger:Log (UnityEngine.LogType,object)
UnityEngine.Debug:LogError (object)
UdonSharp.UdonSharpUtils:LogError (object) (at ./Packages/com.vrchat.worlds/Integrations/UdonSharp/Editor/UdonSharpUtils.cs:324)
UdonSharpEditor.UdonSharpEditorManager:RunAllUpgrades () (at ./Packages/com.vrchat.worlds/Integrations/UdonSharp/Editor/UdonSharpEditorManager.cs:1698)
UdonSharpEditor.UdonSharpEditorManager:RunPostAssemblyBuildRefresh () (at ./Packages/com.vrchat.worlds/Integrations/UdonSharp/Editor/UdonSharpEditorManager.cs:132)
UnityEditor.AssemblyReloadEvents:OnAfterAssemblyReload ()

(Filename: ./Packages/com.vrchat.worlds/Integrations/UdonSharp/Editor/UdonSharpUtils.cs Line: 324)

[Package Manager] Server::EnsureServerProcessIsRunning -- launch failed, reason: Unity was launched with the -noUpm command-line argument
[Package Manager] UpmClient::Send -- Unable to send message (not connected to UPM process).
[Package Manager] Cannot connect to Unity Package Manager local server
AssemblyReload
UnityEngine.StackTraceUtility:ExtractStackTrace ()
UnityEngine.DebugLogHandler:LogFormat (UnityEngine.LogType,UnityEngine.Object,string,object[])
UnityEngine.Logger:Log (UnityEngine.LogType,object)
UnityEngine.Debug:Log (object)
Texel.ScreenManagerInspector:OnAssemblyReload () (at ./Packages/com.texelsaur.video/Editor/Inspectors/Component/ScreenManagerInspector.cs:202)
UnityEditor.AssemblyReloadEvents:OnAfterAssemblyReload ()

(Filename: ./Packages/com.texelsaur.video/Editor/Inspectors/Component/ScreenManagerInspector.cs Line: 202)

[VideoTXL] Found 0 ScreenManagers in scene
UnityEngine.StackTraceUtility:ExtractStackTrace ()
UnityEngine.DebugLogHandler:LogFormat (UnityEngine.LogType,UnityEngine.Object,string,object[])
UnityEngine.Logger:Log (UnityEngine.LogType,object)
UnityEngine.Debug:Log (object)
Texel.ScreenManagerInspector:UpdateManagers () (at ./Packages/com.texelsaur.video/Editor/Inspectors/Component/ScreenManagerInspector.cs:214)
Texel.ScreenManagerInspector:OnAssemblyReload () (at ./Packages/com.texelsaur.video/Editor/Inspectors/Component/ScreenManagerInspector.cs:203)
UnityEditor.AssemblyReloadEvents:OnAfterAssemblyReload ()

(Filename: ./Packages/com.texelsaur.video/Editor/Inspectors/Component/ScreenManagerInspector.cs Line: 214)

- Finished resetting the current domain, in  2.955 seconds
Domain Reload Profiling: 3967ms
	BeginReloadAssembly (275ms)
		ExecutionOrderSort (0ms)
		DisableScriptedObjects (31ms)
		BackupInstance (0ms)
		ReleaseScriptingObjects (0ms)
		CreateAndSetChildDomain (120ms)
	RebuildCommonClasses (29ms)
	RebuildNativeTypeToScriptingClass (16ms)
	initialDomainReloadingComplete (37ms)
	LoadAllAssembliesAndSetupDomain (655ms)
		LoadAssemblies (368ms)
		RebuildTransferFunctionScriptingTraits (0ms)
		AnalyzeDomain (329ms)
			TypeCache.Refresh (317ms)
				TypeCache.ScanAssembly (302ms)
			ScanForSourceGeneratedMonoScriptInfo (0ms)
			ResolveRequiredComponents (12ms)
	FinalizeReload (2955ms)
		ReleaseScriptCaches (0ms)
		RebuildScriptCaches (0ms)
		SetupLoadedEditorAssemblies (1059ms)
			LogAssemblyErrors (0ms)
			InitializePlatformSupportModulesInManaged (18ms)
			SetLoadedEditorAssemblies (8ms)
			RefreshPlugins (0ms)
			BeforeProcessingInitializeOnLoad (131ms)
			ProcessInitializeOnLoadAttributes (479ms)
			ProcessInitializeOnLoadMethodAttributes (421ms)
			AfterProcessingInitializeOnLoad (2ms)
			EditorAssembliesLoaded (0ms)
		ExecutionOrderSort2 (0ms)
		AwakeInstancesAfterBackupRestoration (314ms)
Refreshing native plugins compatible for Editor in 33.75 ms, found 10 plugins.
Preloading 2 native plugins for Editor in 0.17 ms.
Unloading 4278 Unused Serialized files (Serialized files now loaded: 0)
Unloading 186 unused Assets / (1.8 MB). Loaded Objects now: 5120.
Memory consumption went from 338.3 MB to 336.5 MB.
Total: 32.720200 ms (FindLiveObjects: 0.412500 ms CreateObjectMapping: 0.225800 ms MarkObjects: 31.274100 ms  DeleteObjects: 0.806400 ms)

Prepare: number of updated asset objects reloaded= 0
AssetImportParameters requested are different than current active one (requested -> active):
  custom:container-demuxer-ogg: 62fdf1f143b41e24485cea50d1cbac27 -> 
  custom:video-codec-MediaFoundation-h265: 746d11721c4dcdbdad8f713fa42b33f4 -> 
  custom:video-decoder-ogg-theora: a1e56fd34408186e4bbccfd4996cb3dc -> 
  custom:framework-win-MediaFoundation: 216162199b28c13a410421893ffa2e32 -> 
  custom:CustomObjectIndexerAttribute: 756ad292c208cfabdd7b50bc23989ffe -> 
  custom:container-demuxer-webm: 4f35f7cbe854078d1ac9338744f61a02 -> 
  custom:container-muxer-webm: aa71ff27fc2769a1b78a27578f13a17b -> 
  custom:video-decoder-webm-vp8: 9c59270c3fd7afecdb556c50c9e8de78 -> 
  custom:SearchIndexIgnoredProperties: e643bd26f0fe6173181afceb89e7c659 -> 
  custom:AudioImporter_EditorPlatform: d09bf68614088b80899f8185d706f6e7 -> 
  custom:video-encoder-webm-vp8: eb34c28f22e8b96e1ab97ce403110664 -> 
  custom:audio-decoder-ogg-vorbis: bf7c407c2cedff20999df2af8eb42d56 -> 
  custom:audio-encoder-webm-vorbis: bf7c407c2cedff20999df2af8eb42d56 -> 
========================================================================
Received Prepare
Begin MonoManager ReloadAssembly
Removing scripting define AUDIOLINK_V1
UnityEngine.StackTraceUtility:ExtractStackTrace ()
UnityEngine.DebugLogHandler:LogFormat (UnityEngine.LogType,UnityEngine.Object,string,object[])
UnityEngine.Logger:Log (UnityEngine.LogType,object)
UnityEngine.Debug:Log (object)
ArchiTech.SDK.Editor.ATEditorUtility:RemoveScriptingDefine (string) (at ./Packages/dev.architech.sdk/Editor/ATEditorUtility.cs:572)
ArchiTech.ProTV.Editor.AudioLinkScriptingDefineHandler:ReloadDefines () (at ./Packages/dev.architech.protv/Editor/Helpers/ProTVEditorUtility.cs:665)
UnityEditor.AssemblyReloadEvents:OnBeforeAssemblyReload ()

(Filename: ./Packages/dev.architech.sdk/Editor/ATEditorUtility.cs Line: 572)

[ScriptCompilation] NOT recompiling all scripts because this is an import worker process. Reason to compile was: Define symbols changed
- Loaded All Assemblies, in  1.186 seconds
Refreshing native plugins compatible for Editor in 24.02 ms, found 10 plugins.
Native extension for WindowsStandalone target not found
Native extension for Android target not found
[Package Manager] Server::EnsureServerProcessIsRunning -- launch failed, reason: Unity was launched with the -noUpm command-line argument
[Package Manager] UpmClient::Send -- Unable to send message (not connected to UPM process).
[Package Manager] Cannot connect to Unity Package Manager local server
System.ArgumentNullException: Value cannot be null.
Parameter name: path
  at System.IO.Directory.CreateDirectory (System.String path) [0x00003] in <eef08f56e2e042f1b3027eca477293d9>:0 
  at VRC.SDKBase.Editor.VRCPackageSettings.EnsurePathExists () [0x0000b] in .\Packages\com.vrchat.base\Editor\VRCSDK\Dependencies\VRChat\VRCPackageSettings.cs:45 
  at VRC.SDKBase.Editor.VRCPackageSettings.Load () [0x00000] in .\Packages\com.vrchat.base\Editor\VRCSDK\Dependencies\VRChat\VRCPackageSettings.cs:50 
  at VRC.SDKBase.Editor.VRCPackageSettings.Create () [0x00005] in .\Packages\com.vrchat.base\Editor\VRCSDK\Dependencies\VRChat\VRCPackageSettings.cs:19 
  at VRC.SDKBase.Editor.SampleHintCreator..cctor () [0x00007] in .\Packages\com.vrchat.base\Editor\VRCSDK\SampleHintCreator.cs:18 
UnityEngine.StackTraceUtility:ExtractStackTrace ()
UnityEngine.DebugLogHandler:LogFormat (UnityEngine.LogType,UnityEngine.Object,string,object[])
UnityEngine.Logger:Log (UnityEngine.LogType,object)
UnityEngine.Debug:LogError (object)
UnityEditor.EditorAssemblies:ProcessInitializeOnLoadAttributes (System.Type[])

[ScriptCompilation] NOT recompiling all scripts because this is an import worker process. Reason to compile was: Define symbols changed
Set Scripting Define Symbols for selected build target (Standalone) to: UNITY_POST_PROCESSING_STACK_V2;UDONSHARP;UDON;VRC_SDK_VRCSDK3;AUDIOLINK;AVPRO_IMPORTED;TPS;AUDIOLINK_V1
UnityEngine.StackTraceUtility:ExtractStackTrace ()
UnityEngine.DebugLogHandler:LogFormat (UnityEngine.LogType,UnityEngine.Object,string,object[])
UnityEngine.Logger:LogFormat (UnityEngine.LogType,string,object[])
UnityEngine.Debug:LogFormat (string,object[])
AudioLink.Editor.AudioLinkDefineManager:AddDefinesIfMissing (UnityEditor.BuildTargetGroup,string[]) (at ./Packages/com.llealloo.audiolink/Editor/Scripts/AudioLinkDefineManager.cs:41)
AudioLink.Editor.AudioLinkDefineManager:.cctor () (at ./Packages/com.llealloo.audiolink/Editor/Scripts/AudioLinkDefineManager.cs:14)
System.Runtime.CompilerServices.RuntimeHelpers:RunClassConstructor (System.RuntimeTypeHandle)
UnityEditor.EditorAssemblies:ProcessInitializeOnLoadAttributes (System.Type[])

(Filename: ./Packages/com.llealloo.audiolink/Editor/Scripts/AudioLinkDefineManager.cs Line: 41)

System.Reflection.TargetInvocationException: Exception has been thrown by the target of an invocation. ---> System.NullReferenceException: Object reference not set to an instance of an object
  at Unity.XR.Oculus.OculusLoader.AssetPathToAbsolutePath (System.String assetPath) [0x00040] in .\Library\PackageCache\com.unity.xr.oculus@4.0.0\Runtime\OculusLoader.cs:282 
  at Unity.XR.Oculus.OculusLoader.EditorLoadOVRPlugin () [0x0007b] in .\Library\PackageCache\com.unity.xr.oculus@4.0.0\Runtime\OculusLoader.cs:267 
  at (wrapper managed-to-native) System.Reflection.RuntimeMethodInfo.InternalInvoke(System.Reflection.RuntimeMethodInfo,object,object[],System.Exception&)
  at System.Reflection.RuntimeMethodInfo.Invoke (System.Object obj, System.Reflection.BindingFlags invokeAttr, System.Reflection.Binder binder, System.Object[] parameters, System.Globalization.CultureInfo culture) [0x0006a] in <eef08f56e2e042f1b3027eca477293d9>:0 
   --- End of inner exception stack trace ---
  at System.Reflection.RuntimeMethodInfo.Invoke (System.Object obj, System.Reflection.BindingFlags invokeAttr, System.Reflection.Binder binder, System.Object[] parameters, System.Globalization.CultureInfo culture) [0x00083] in <eef08f56e2e042f1b3027eca477293d9>:0 
  at System.Reflection.MethodBase.Invoke (System.Object obj, System.Object[] parameters) [0x00000] in <eef08f56e2e042f1b3027eca477293d9>:0 
  at UnityEditor.EditorAssemblies.ProcessInitializeOnLoadMethodAttributes () [0x000a5] in <347e3e2bef8c4deb82c9790c6e198135>:0 
UnityEngine.StackTraceUtility:ExtractStackTrace ()
UnityEngine.DebugLogHandler:LogFormat (UnityEngine.LogType,UnityEngine.Object,string,object[])
UnityEngine.Logger:Log (UnityEngine.LogType,object)
UnityEngine.Debug:LogError (object)
UnityEditor.EditorAssemblies:ProcessInitializeOnLoadMethodAttributes ()

[MODES] ModeService[none].Initialize
[MODES] ModeService[none].LoadModes
[MODES] Loading mode Default (0) for mode-current-id-CS498Project
Mono: successfully reloaded assembly
CreateSerializedAsset is not supported while importing out-of-process
UnityEngine.StackTraceUtility:ExtractStackTrace ()
UdonSharp.Updater.UdonSharpDataLocator:InitializeUdonSharpData () (at ./Packages/com.vrchat.worlds/Integrations/UdonSharp/Runtime/UdonSharpDataLocator.cs:75)
UdonSharp.Updater.UdonSharpDataLocator:get_DataPath () (at ./Packages/com.vrchat.worlds/Integrations/UdonSharp/Runtime/UdonSharpDataLocator.cs:44)
UdonSharp.Updater.UdonSharpLocator:get_SettingsPath () (at ./Packages/com.vrchat.worlds/Integrations/UdonSharp/Runtime/UdonSharpLocator.cs:49)
UdonSharpEditor.UdonSharpSettings:GetSettings () (at ./Packages/com.vrchat.worlds/Integrations/UdonSharp/Editor/Editors/UdonSharpSettings.cs:87)
UdonSharpEditor.UdonSharpSettings:GetScannerBlacklist () (at ./Packages/com.vrchat.worlds/Integrations/UdonSharp/Editor/Editors/UdonSharpSettings.cs:160)
UdonSharpEditor.UdonSharpSettings:FilterBlacklistedPaths (System.Collections.Generic.IEnumerable`1<string>) (at ./Packages/com.vrchat.worlds/Integrations/UdonSharp/Editor/Editors/UdonSharpSettings.cs:182)
UdonSharp.Compiler.CompilationContext:GetAllFilteredSourcePaths (bool) (at ./Packages/com.vrchat.worlds/Integrations/UdonSharp/Editor/Compiler/CompilationContext.cs:212)
UdonSharp.Compiler.CompilationContext:GetAllFilteredScripts (bool) (at ./Packages/com.vrchat.worlds/Integrations/UdonSharp/Editor/Compiler/CompilationContext.cs:228)
UdonSharp.UdonSharpProgramAsset:IsAnyScriptDirty () (at ./Packages/com.vrchat.worlds/Integrations/UdonSharp/Editor/UdonSharpProgramAsset.cs:256)
UdonSharp.UdonSharpProgramAsset:CompileAllCsPrograms (bool,bool) (at ./Packages/com.vrchat.worlds/Integrations/UdonSharp/Editor/UdonSharpProgramAsset.cs:292)
UdonSharpEditor.UdonSharpEditorUtility:UpgradeSceneBehaviours (System.Collections.Generic.IEnumerable`1<VRC.Udon.UdonBehaviour>) (at ./Packages/com.vrchat.worlds/Integrations/UdonSharp/Editor/UdonSharpEditorUtility.cs:650)
UdonSharpEditor.UdonSharpEditorManager:RunAllUpgrades () (at ./Packages/com.vrchat.worlds/Integrations/UdonSharp/Editor/UdonSharpEditorManager.cs:1694)
UdonSharpEditor.UdonSharpEditorManager:RunPostAssemblyBuildRefresh () (at ./Packages/com.vrchat.worlds/Integrations/UdonSharp/Editor/UdonSharpEditorManager.cs:132)
UnityEditor.AssemblyReloadEvents:OnAfterAssemblyReload ()

[./Packages/com.vrchat.worlds/Integrations/UdonSharp/Runtime/UdonSharpDataLocator.cs line 75]

[<color=#FF00FF>UdonSharp</color>] Hit exception while attempting to upgrade scene behaviours: UnityEngine.UnityException: Creating asset at path Assets/UdonSharp/UdonSharpDataLocator.asset failed.
  at (wrapper managed-to-native) UnityEditor.AssetDatabase.CreateAsset(UnityEngine.Object,string)
  at UdonSharp.Updater.UdonSharpDataLocator.InitializeUdonSharpData () [0x0005d] in .\Packages\com.vrchat.worlds\Integrations\UdonSharp\Runtime\UdonSharpDataLocator.cs:75 
  at UdonSharp.Updater.UdonSharpDataLocator.get_DataPath () [0x00065] in .\Packages\com.vrchat.worlds\Integrations\UdonSharp\Runtime\UdonSharpDataLocator.cs:44 
  at UdonSharp.Updater.UdonSharpLocator.get_SettingsPath () [0x00000] in .\Packages\com.vrchat.worlds\Integrations\UdonSharp\Runtime\UdonSharpLocator.cs:49 
  at UdonSharpEditor.UdonSharpSettings.GetSettings () [0x00012] in .\Packages\com.vrchat.worlds\Integrations\UdonSharp\Editor\Editors\UdonSharpSettings.cs:87 
  at UdonSharpEditor.UdonSharpSettings.GetScannerBlacklist () [0x00000] in .\Packages\com.vrchat.worlds\Integrations\UdonSharp\Editor\Editors\UdonSharpSettings.cs:160 
  at UdonSharpEditor.UdonSharpSettings.FilterBlacklistedPaths (System.Collections.Generic.IEnumerable`1[T] paths) [0x00006] in .\Packages\com.vrchat.worlds\Integrations\UdonSharp\Editor\Editors\UdonSharpSettings.cs:182 
  at UdonSharp.Compiler.CompilationContext.GetAllFilteredSourcePaths (System.Boolean isEditorBuild) [0x0006a] in .\Packages\com.vrchat.worlds\Integrations\UdonSharp\Editor\Compiler\CompilationContext.cs:212 
  at UdonSharp.Compiler.CompilationContext.GetAllFilteredScripts (System.Boolean isEditorBuild) [0x00000] in .\Packages\com.vrchat.worlds\Integrations\UdonSharp\Editor\Compiler\CompilationContext.cs:228 
  at UdonSharp.UdonSharpProgramAsset.IsAnyScriptDirty () [0x00006] in .\Packages\com.vrchat.worlds\Integrations\UdonSharp\Editor\UdonSharpProgramAsset.cs:256 
  at UdonSharp.UdonSharpProgramAsset.CompileAllCsPrograms (System.Boolean forceCompile, System.Boolean editorBuild) [0x00000] in .\Packages\com.vrchat.worlds\Integrations\UdonSharp\Editor\UdonSharpProgramAsset.cs:292 
  at UdonSharpEditor.UdonSharpEditorUtility.UpgradeSceneBehaviours (System.Collections.Generic.IEnumerable`1[T] behaviours) [0x0001a] in .\Packages\com.vrchat.worlds\Integrations\UdonSharp\Editor\UdonSharpEditorUtility.cs:650 
  at UdonSharpEditor.UdonSharpEditorManager.RunAllUpgrades () [0x0001c] in .\Packages\com.vrchat.worlds\Integrations\UdonSharp\Editor\UdonSharpEditorManager.cs:1694 
UnityEngine.StackTraceUtility:ExtractStackTrace ()
UnityEngine.DebugLogHandler:LogFormat (UnityEngine.LogType,UnityEngine.Object,string,object[])
UnityEngine.Logger:Log (UnityEngine.LogType,object)
UnityEngine.Debug:LogError (object)
UdonSharp.UdonSharpUtils:LogError (object) (at ./Packages/com.vrchat.worlds/Integrations/UdonSharp/Editor/UdonSharpUtils.cs:324)
UdonSharpEditor.UdonSharpEditorManager:RunAllUpgrades () (at ./Packages/com.vrchat.worlds/Integrations/UdonSharp/Editor/UdonSharpEditorManager.cs:1698)
UdonSharpEditor.UdonSharpEditorManager:RunPostAssemblyBuildRefresh () (at ./Packages/com.vrchat.worlds/Integrations/UdonSharp/Editor/UdonSharpEditorManager.cs:132)
UnityEditor.AssemblyReloadEvents:OnAfterAssemblyReload ()

(Filename: ./Packages/com.vrchat.worlds/Integrations/UdonSharp/Editor/UdonSharpUtils.cs Line: 324)

[Package Manager] Server::EnsureServerProcessIsRunning -- launch failed, reason: Unity was launched with the -noUpm command-line argument
[Package Manager] UpmClient::Send -- Unable to send message (not connected to UPM process).
[Package Manager] Cannot connect to Unity Package Manager local server
AssemblyReload
UnityEngine.StackTraceUtility:ExtractStackTrace ()
UnityEngine.DebugLogHandler:LogFormat (UnityEngine.LogType,UnityEngine.Object,string,object[])
UnityEngine.Logger:Log (UnityEngine.LogType,object)
UnityEngine.Debug:Log (object)
Texel.ScreenManagerInspector:OnAssemblyReload () (at ./Packages/com.texelsaur.video/Editor/Inspectors/Component/ScreenManagerInspector.cs:202)
UnityEditor.AssemblyReloadEvents:OnAfterAssemblyReload ()

(Filename: ./Packages/com.texelsaur.video/Editor/Inspectors/Component/ScreenManagerInspector.cs Line: 202)

[VideoTXL] Found 0 ScreenManagers in scene
UnityEngine.StackTraceUtility:ExtractStackTrace ()
UnityEngine.DebugLogHandler:LogFormat (UnityEngine.LogType,UnityEngine.Object,string,object[])
UnityEngine.Logger:Log (UnityEngine.LogType,object)
UnityEngine.Debug:Log (object)
Texel.ScreenManagerInspector:UpdateManagers () (at ./Packages/com.texelsaur.video/Editor/Inspectors/Component/ScreenManagerInspector.cs:214)
Texel.ScreenManagerInspector:OnAssemblyReload () (at ./Packages/com.texelsaur.video/Editor/Inspectors/Component/ScreenManagerInspector.cs:203)
UnityEditor.AssemblyReloadEvents:OnAfterAssemblyReload ()

(Filename: ./Packages/com.texelsaur.video/Editor/Inspectors/Component/ScreenManagerInspector.cs Line: 214)

- Finished resetting the current domain, in  3.054 seconds
Domain Reload Profiling: 4236ms
	BeginReloadAssembly (330ms)
		ExecutionOrderSort (0ms)
		DisableScriptedObjects (25ms)
		BackupInstance (0ms)
		ReleaseScriptingObjects (0ms)
		CreateAndSetChildDomain (147ms)
	RebuildCommonClasses (43ms)
	RebuildNativeTypeToScriptingClass (13ms)
	initialDomainReloadingComplete (39ms)
	LoadAllAssembliesAndSetupDomain (756ms)
		LoadAssemblies (380ms)
		RebuildTransferFunctionScriptingTraits (0ms)
		AnalyzeDomain (434ms)
			TypeCache.Refresh (423ms)
				TypeCache.ScanAssembly (405ms)
			ScanForSourceGeneratedMonoScriptInfo (0ms)
			ResolveRequiredComponents (11ms)
	FinalizeReload (3055ms)
		ReleaseScriptCaches (0ms)
		RebuildScriptCaches (0ms)
		SetupLoadedEditorAssemblies (993ms)
			LogAssemblyErrors (0ms)
			InitializePlatformSupportModulesInManaged (17ms)
			SetLoadedEditorAssemblies (6ms)
			RefreshPlugins (0ms)
			BeforeProcessingInitializeOnLoad (122ms)
			ProcessInitializeOnLoadAttributes (444ms)
			ProcessInitializeOnLoadMethodAttributes (402ms)
			AfterProcessingInitializeOnLoad (2ms)
			EditorAssembliesLoaded (0ms)
		ExecutionOrderSort2 (0ms)
		AwakeInstancesAfterBackupRestoration (346ms)
Refreshing native plugins compatible for Editor in 29.22 ms, found 10 plugins.
Preloading 2 native plugins for Editor in 0.10 ms.
Unloading 4279 Unused Serialized files (Serialized files now loaded: 0)
Unloading 186 unused Assets / (1.8 MB). Loaded Objects now: 5137.
Memory consumption went from 403.2 MB to 401.3 MB.
Total: 26.662300 ms (FindLiveObjects: 0.289500 ms CreateObjectMapping: 0.170400 ms MarkObjects: 25.512300 ms  DeleteObjects: 0.688900 ms)

Prepare: number of updated asset objects reloaded= 0
AssetImportParameters requested are different than current active one (requested -> active):
  custom:container-demuxer-ogg: 62fdf1f143b41e24485cea50d1cbac27 -> 
  custom:video-codec-MediaFoundation-h265: 746d11721c4dcdbdad8f713fa42b33f4 -> 
  custom:video-decoder-ogg-theora: a1e56fd34408186e4bbccfd4996cb3dc -> 
  custom:framework-win-MediaFoundation: 216162199b28c13a410421893ffa2e32 -> 
  custom:CustomObjectIndexerAttribute: 756ad292c208cfabdd7b50bc23989ffe -> 
  custom:container-demuxer-webm: 4f35f7cbe854078d1ac9338744f61a02 -> 
  custom:container-muxer-webm: aa71ff27fc2769a1b78a27578f13a17b -> 
  custom:video-decoder-webm-vp8: 9c59270c3fd7afecdb556c50c9e8de78 -> 
  custom:SearchIndexIgnoredProperties: e643bd26f0fe6173181afceb89e7c659 -> 
  custom:AudioImporter_EditorPlatform: d09bf68614088b80899f8185d706f6e7 -> 
  custom:video-encoder-webm-vp8: eb34c28f22e8b96e1ab97ce403110664 -> 
  custom:audio-decoder-ogg-vorbis: bf7c407c2cedff20999df2af8eb42d56 -> 
  custom:audio-encoder-webm-vorbis: bf7c407c2cedff20999df2af8eb42d56 -> 
========================================================================
Received Import Request.
  Time since last request: 917.007451 seconds.
  path: Packages/com.acchosen.vr-stage-lighting/Runtime/Textures/StaticLightTextures/12CHannel-EmissionMap.png
  artifactKey: Guid(b8d795ca37221f149a059ceb047a43de) Importer(815301076,1909f56bfc062723c751e8b465ee728b)
Start importing Packages/com.acchosen.vr-stage-lighting/Runtime/Textures/StaticLightTextures/12CHannel-EmissionMap.png using Guid(b8d795ca37221f149a059ceb047a43de) Importer(815301076,1909f56bfc062723c751e8b465ee728b)  -> (artifact id: '8529f4af541e50d674bb19207b631f03') in 0.054948 seconds
Number of updated asset objects reloaded before import = 0
Number of asset objects unloaded after import = 2
========================================================================
Received Import Request.
  Time since last request: 0.000028 seconds.
  path: Assets/TextMesh Pro/Examples & Extras/Resources/Fonts & Materials/Anton SDF.asset
  artifactKey: Guid(8a89fa14b10d46a99122fd4f73fca9a2) Importer(815301076,1909f56bfc062723c751e8b465ee728b)
Start importing Assets/TextMesh Pro/Examples & Extras/Resources/Fonts & Materials/Anton SDF.asset using Guid(8a89fa14b10d46a99122fd4f73fca9a2) Importer(815301076,1909f56bfc062723c751e8b465ee728b)  -> (artifact id: '2b47b904dbf3b966af60abde3340a02c') in 0.055905 seconds
Number of updated asset objects reloaded before import = 0
Number of asset objects unloaded after import = 6
========================================================================
Received Import Request.
  Time since last request: 0.000036 seconds.
  path: Assets/TextMesh Pro/Examples & Extras/Textures/Brushed Metal 3.jpg
  artifactKey: Guid(f88677df267a41d6be1e7a6133e7d227) Importer(815301076,1909f56bfc062723c751e8b465ee728b)
Start importing Assets/TextMesh Pro/Examples & Extras/Textures/Brushed Metal 3.jpg using Guid(f88677df267a41d6be1e7a6133e7d227) Importer(815301076,1909f56bfc062723c751e8b465ee728b)  -> (artifact id: '472b311906fd6bf58c28079e281b2dda') in 0.011408 seconds
Number of updated asset objects reloaded before import = 0
Number of asset objects unloaded after import = 2
========================================================================
Received Import Request.
  Time since last request: 0.000097 seconds.
  path: Assets/_PoiyomiShaders/TPS/Assets/Carrot/Carrot_Base_color.png
  artifactKey: Guid(e1d65f4161e82b14a95ec883a194a429) Importer(815301076,1909f56bfc062723c751e8b465ee728b)
Start importing Assets/_PoiyomiShaders/TPS/Assets/Carrot/Carrot_Base_color.png using Guid(e1d65f4161e82b14a95ec883a194a429) Importer(815301076,1909f56bfc062723c751e8b465ee728b)  -> (artifact id: 'e0b1d08195f4599c32a81fcb8008c078') in 0.016987 seconds
Number of updated asset objects reloaded before import = 0
Number of asset objects unloaded after import = 2
========================================================================
Received Import Request.
  Time since last request: 0.000015 seconds.
  path: Packages/com.acchosen.vr-stage-lighting/Runtime/Textures/GridReader/Buffer.png
  artifactKey: Guid(b4ac96a3b5444c84cae44ce29beca3c2) Importer(815301076,1909f56bfc062723c751e8b465ee728b)
Start importing Packages/com.acchosen.vr-stage-lighting/Runtime/Textures/GridReader/Buffer.png using Guid(b4ac96a3b5444c84cae44ce29beca3c2) Importer(815301076,1909f56bfc062723c751e8b465ee728b)  -> (artifact id: 'dde0102f381a2046c66666a2fa482f40') in 0.012738 seconds
Number of updated asset objects reloaded before import = 0
Number of asset objects unloaded after import = 2
========================================================================
Received Import Request.
  Time since last request: 0.000013 seconds.
  path: Packages/com.acchosen.vr-stage-lighting/Runtime/Other/Skybox/cubemap.png
  artifactKey: Guid(21bd3ce579c0c1148bc75904192ad2a7) Importer(815301076,1909f56bfc062723c751e8b465ee728b)
Start importing Packages/com.acchosen.vr-stage-lighting/Runtime/Other/Skybox/cubemap.png using Guid(21bd3ce579c0c1148bc75904192ad2a7) Importer(815301076,1909f56bfc062723c751e8b465ee728b)  -> (artifact id: '6bcbdb1e11323cdec6ce1c4f209f15cd') in 0.101221 seconds
Number of updated asset objects reloaded before import = 0
Number of asset objects unloaded after import = 1
========================================================================
Received Import Request.
  Time since last request: 0.000023 seconds.
  path: Assets/Mochie/Unity/Textures/Ramps/DefaultRamp.png
  artifactKey: Guid(f276a76437cf84847a5986084b4d11f3) Importer(815301076,1909f56bfc062723c751e8b465ee728b)
Start importing Assets/Mochie/Unity/Textures/Ramps/DefaultRamp.png using Guid(f276a76437cf84847a5986084b4d11f3) Importer(815301076,1909f56bfc062723c751e8b465ee728b)  -> (artifact id: '7e984bbc9cbf89f2993a6c0970e07c9d') in 0.010378 seconds
Number of updated asset objects reloaded before import = 0
Number of asset objects unloaded after import = 2
========================================================================
Received Import Request.
  Time since last request: 0.000019 seconds.
  path: Assets/Mochie/Unity/Resources/CollapseIcon.png
  artifactKey: Guid(3e38383d19b750046a6fa03b1c2f8bac) Importer(815301076,1909f56bfc062723c751e8b465ee728b)
Start importing Assets/Mochie/Unity/Resources/CollapseIcon.png using Guid(3e38383d19b750046a6fa03b1c2f8bac) Importer(815301076,1909f56bfc062723c751e8b465ee728b)  -> (artifact id: 'ecd0b96f0fced4061b28e68db2d1f0e7') in 0.011943 seconds
Number of updated asset objects reloaded before import = 0
Number of asset objects unloaded after import = 2
========================================================================
Received Import Request.
  Time since last request: 0.000014 seconds.
  path: Assets/Mochie/Unity/Resources/CopyTo1Icon.png
  artifactKey: Guid(09c9c066a27ac424da976a9ae8474231) Importer(815301076,1909f56bfc062723c751e8b465ee728b)
Start importing Assets/Mochie/Unity/Resources/CopyTo1Icon.png using Guid(09c9c066a27ac424da976a9ae8474231) Importer(815301076,1909f56bfc062723c751e8b465ee728b)  -> (artifact id: '5e76e6e12ba0dcd4df3bc54d5bfce4de') in 0.010086 seconds
Number of updated asset objects reloaded before import = 0
Number of asset objects unloaded after import = 2
========================================================================
Received Import Request.
  Time since last request: 0.000018 seconds.
  path: Assets/Mochie/Unity/Textures/Blend.png
  artifactKey: Guid(7589d70a1d40b7c47857a6722e4a0aae) Importer(815301076,1909f56bfc062723c751e8b465ee728b)
Start importing Assets/Mochie/Unity/Textures/Blend.png using Guid(7589d70a1d40b7c47857a6722e4a0aae) Importer(815301076,1909f56bfc062723c751e8b465ee728b)  -> (artifact id: '8eba780ad38ac54b219edd738a127464') in 0.016263 seconds
Number of updated asset objects reloaded before import = 0
Number of asset objects unloaded after import = 2
========================================================================
Received Import Request.
  Time since last request: 0.000021 seconds.
  path: Assets/Mochie/Unity/Textures/Blend Noise.png
  artifactKey: Guid(352f401c145570f488487622cd5fdaa6) Importer(815301076,1909f56bfc062723c751e8b465ee728b)
Start importing Assets/Mochie/Unity/Textures/Blend Noise.png using Guid(352f401c145570f488487622cd5fdaa6) Importer(815301076,1909f56bfc062723c751e8b465ee728b)  -> (artifact id: '9f26c097083f15206ec459646e1b6686') in 0.014833 seconds
Number of updated asset objects reloaded before import = 0
Number of asset objects unloaded after import = 2
========================================================================
Received Import Request.
  Time since last request: 0.000049 seconds.
  path: Assets/Mochie/Unity/Resources/CopyTo2Icon.png
  artifactKey: Guid(124358866068baa4f90186cb87430c24) Importer(815301076,1909f56bfc062723c751e8b465ee728b)
Start importing Assets/Mochie/Unity/Resources/CopyTo2Icon.png using Guid(124358866068baa4f90186cb87430c24) Importer(815301076,1909f56bfc062723c751e8b465ee728b)  -> (artifact id: '7f0ad5dd44d71d0019fa6687eefa2e12') in 0.011644 seconds
Number of updated asset objects reloaded before import = 0
Number of asset objects unloaded after import = 2
========================================================================
Received Import Request.
  Time since last request: 0.000015 seconds.
  path: Assets/_PoiyomiShaders/Scripts/ThryEditor/Resources/decal_gizmo.png
  artifactKey: Guid(0e2dd3366fa0a5b4ca3e51372cef0411) Importer(815301076,1909f56bfc062723c751e8b465ee728b)
Start importing Assets/_PoiyomiShaders/Scripts/ThryEditor/Resources/decal_gizmo.png using Guid(0e2dd3366fa0a5b4ca3e51372cef0411) Importer(815301076,1909f56bfc062723c751e8b465ee728b)  -> (artifact id: '43a5fef34631631bc94555b306e639ac') in 0.015360 seconds
Number of updated asset objects reloaded before import = 0
Number of asset objects unloaded after import = 2
========================================================================
Received Import Request.
  Time since last request: 0.000028 seconds.
  path: Assets/_PoiyomiShaders/Textures/DiscordBannerTrans.png
  artifactKey: Guid(f0639686d59f97549bb28e5ee83a6710) Importer(815301076,1909f56bfc062723c751e8b465ee728b)
Start importing Assets/_PoiyomiShaders/Textures/DiscordBannerTrans.png using Guid(f0639686d59f97549bb28e5ee83a6710) Importer(815301076,1909f56bfc062723c751e8b465ee728b)  -> (artifact id: '2c1eaebd8734e438c2dbedb7295bc11a') in 0.020250 seconds
Number of updated asset objects reloaded before import = 0
Number of asset objects unloaded after import = 2
========================================================================
Received Import Request.
  Time since last request: 0.000014 seconds.
  path: Assets/_PoiyomiShaders/TPS/Assets/Carrot/Baked/carrot_baked_mesh.png
  artifactKey: Guid(c1ffe34c8d10ffd4b9e4768e4dc63eee) Importer(815301076,1909f56bfc062723c751e8b465ee728b)
Start importing Assets/_PoiyomiShaders/TPS/Assets/Carrot/Baked/carrot_baked_mesh.png using Guid(c1ffe34c8d10ffd4b9e4768e4dc63eee) Importer(815301076,1909f56bfc062723c751e8b465ee728b)  -> (artifact id: '94cc4dfca68eac4259eb33f2255b5c0a') in 0.013428 seconds
Number of updated asset objects reloaded before import = 0
Number of asset objects unloaded after import = 2
========================================================================
Received Import Request.
  Time since last request: 0.000016 seconds.
  path: Packages/com.acchosen.vr-stage-lighting/Runtime/Other/OtherMeshes/DMX-DigitalDisplay-LookupTable.png
  artifactKey: Guid(ff03d9229bfc36949a9b45eb0c828ae7) Importer(815301076,1909f56bfc062723c751e8b465ee728b)
Start importing Packages/com.acchosen.vr-stage-lighting/Runtime/Other/OtherMeshes/DMX-DigitalDisplay-LookupTable.png using Guid(ff03d9229bfc36949a9b45eb0c828ae7) Importer(815301076,1909f56bfc062723c751e8b465ee728b)  -> (artifact id: 'd3933f8b49092f36882905163a23d0c7') in 0.012068 seconds
Number of updated asset objects reloaded before import = 0
Number of asset objects unloaded after import = 2
Editor requested this worker to shutdown with reason: Scaling down because of idle timeout
TcpMessagingSession - receive error
AssetImportWorkerClient::OnTransportError - code=2 error=End of file
AssetImportWorker is now disconnected from the server
Process exiting
Exiting without the bug reporter. Application will terminate with return code 0